c:\users\emili\source\repos\proyecto2final\starcraftsolarsystemorigins\starcraftsolarsystemorigins\x64\debug\vc140.pdb
c:\users\emili\source\repos\proyecto2final\starcraftsolarsystemorigins\starcraftsolarsystemorigins\x64\debug\starcraftsolarsystemorigins.obj
c:\users\emili\source\repos\proyecto2final\starcraftsolarsystemorigins\starcraftsolarsystemorigins\x64\debug\sistemasolar.obj
c:\users\emili\source\repos\proyecto2final\starcraftsolarsystemorigins\starcraftsolarsystemorigins\x64\debug\recursoplaneta.obj
c:\users\emili\source\repos\proyecto2final\starcraftsolarsystemorigins\starcraftsolarsystemorigins\x64\debug\planeta.obj
c:\users\emili\source\repos\proyecto2final\starcraftsolarsystemorigins\starcraftsolarsystemorigins\x64\debug\nodopila.obj
c:\users\emili\source\repos\proyecto2final\starcraftsolarsystemorigins\starcraftsolarsystemorigins\x64\debug\nodocola.obj
c:\users\emili\source\repos\proyecto2final\starcraftsolarsystemorigins\starcraftsolarsystemorigins\x64\debug\nodoarbin.obj
c:\users\emili\source\repos\proyecto2final\starcraftsolarsystemorigins\starcraftsolarsystemorigins\x64\debug\main.obj
c:\users\emili\source\repos\proyecto2final\starcraftsolarsystemorigins\starcraftsolarsystemorigins\x64\debug\listapila.obj
c:\users\emili\source\repos\proyecto2final\starcraftsolarsystemorigins\starcraftsolarsystemorigins\x64\debug\listacola.obj
c:\users\emili\source\repos\proyecto2final\starcraftsolarsystemorigins\starcraftsolarsystemorigins\x64\debug\jugador.obj
c:\users\emili\source\repos\proyecto2final\starcraftsolarsystemorigins\starcraftsolarsystemorigins\x64\debug\juego.obj
c:\users\emili\source\repos\proyecto2final\starcraftsolarsystemorigins\starcraftsolarsystemorigins\x64\debug\invasion.obj
c:\users\emili\source\repos\proyecto2final\starcraftsolarsystemorigins\starcraftsolarsystemorigins\x64\debug\moc_starcraftsolarsystemorigins.obj
c:\users\emili\source\repos\proyecto2final\starcraftsolarsystemorigins\starcraftsolarsystemorigins\x64\debug\moc_sistemasolar.obj
c:\users\emili\source\repos\proyecto2final\starcraftsolarsystemorigins\starcraftsolarsystemorigins\x64\debug\moc_recursoplaneta.obj
c:\users\emili\source\repos\proyecto2final\starcraftsolarsystemorigins\starcraftsolarsystemorigins\x64\debug\moc_invasion.obj
c:\users\emili\source\repos\proyecto2final\starcraftsolarsystemorigins\starcraftsolarsystemorigins\x64\debug\fabricaunidades.obj
c:\users\emili\source\repos\proyecto2final\starcraftsolarsystemorigins\starcraftsolarsystemorigins\x64\debug\fabricanodos.obj
c:\users\emili\source\repos\proyecto2final\starcraftsolarsystemorigins\starcraftsolarsystemorigins\x64\debug\arbin.obj
c:\users\emili\source\repos\proyecto2final\starcraftsolarsystemorigins\starcraftsolarsystemorigins\x64\debug\unidad.obj
c:\users\emili\source\repos\proyecto2final\starcraftsolarsystemorigins\starcraftsolarsystemorigins\x64\debug\qrc_starcraftsolarsystemorigins.obj
c:\users\emili\source\repos\proyecto2final\starcraftsolarsystemorigins\starcraftsolarsystemorigins\x64\debug\qrc_juego.obj
c:\users\emili\source\repos\proyecto2final\starcraftsolarsystemorigins\starcraftsolarsystemorigins\generatedfiles\debug\moc_starcraftsolarsystemorigins.cpp
c:\users\emili\source\repos\proyecto2final\starcraftsolarsystemorigins\starcraftsolarsystemorigins\generatedfiles\ui_starcraftsolarsystemorigins.h
c:\users\emili\source\repos\proyecto2final\starcraftsolarsystemorigins\starcraftsolarsystemorigins\generatedfiles\debug\moc_sistemasolar.cpp
c:\users\emili\source\repos\proyecto2final\starcraftsolarsystemorigins\starcraftsolarsystemorigins\generatedfiles\debug\moc_recursoplaneta.cpp
c:\users\emili\source\repos\proyecto2final\starcraftsolarsystemorigins\starcraftsolarsystemorigins\generatedfiles\debug\moc_invasion.cpp
c:\users\emili\source\repos\proyecto2final\starcraftsolarsystemorigins\starcraftsolarsystemorigins\generatedfiles\qrc_starcraftsolarsystemorigins.cpp
c:\users\emili\source\repos\proyecto2final\starcraftsolarsystemorigins\starcraftsolarsystemorigins\generatedfiles\ui_invasion.h
c:\users\emili\source\repos\proyecto2final\starcraftsolarsystemorigins\starcraftsolarsystemorigins\generatedfiles\ui_recursoplaneta.h
c:\users\emili\source\repos\proyecto2final\starcraftsolarsystemorigins\starcraftsolarsystemorigins\generatedfiles\ui_sistemasolar.h
c:\users\emili\source\repos\proyecto2final\starcraftsolarsystemorigins\starcraftsolarsystemorigins\generatedfiles\qrc_juego.cpp
c:\users\emili\source\repos\proyecto2final\starcraftsolarsystemorigins\x64\debug\starcraftsolarsystemorigins.ilk
c:\users\emili\source\repos\proyecto2final\starcraftsolarsystemorigins\x64\debug\starcraftsolarsystemorigins.exe
c:\users\emili\source\repos\proyecto2final\starcraftsolarsystemorigins\x64\debug\starcraftsolarsystemorigins.pdb
c:\users\emili\source\repos\proyecto2final\starcraftsolarsystemorigins\starcraftsolarsystemorigins\x64\debug\starcraf.b12702ad.tlog\cl.command.1.tlog
c:\users\emili\source\repos\proyecto2final\starcraftsolarsystemorigins\starcraftsolarsystemorigins\x64\debug\starcraf.b12702ad.tlog\cl.read.1.tlog
c:\users\emili\source\repos\proyecto2final\starcraftsolarsystemorigins\starcraftsolarsystemorigins\x64\debug\starcraf.b12702ad.tlog\cl.write.1.tlog
c:\users\emili\source\repos\proyecto2final\starcraftsolarsystemorigins\starcraftsolarsystemorigins\x64\debug\starcraf.b12702ad.tlog\custombuild.command.1.tlog
c:\users\emili\source\repos\proyecto2final\starcraftsolarsystemorigins\starcraftsolarsystemorigins\x64\debug\starcraf.b12702ad.tlog\custombuild.read.1.tlog
c:\users\emili\source\repos\proyecto2final\starcraftsolarsystemorigins\starcraftsolarsystemorigins\x64\debug\starcraf.b12702ad.tlog\custombuild.write.1.tlog
c:\users\emili\source\repos\proyecto2final\starcraftsolarsystemorigins\starcraftsolarsystemorigins\x64\debug\starcraf.b12702ad.tlog\link.command.1.tlog
c:\users\emili\source\repos\proyecto2final\starcraftsolarsystemorigins\starcraftsolarsystemorigins\x64\debug\starcraf.b12702ad.tlog\link.read.1.tlog
c:\users\emili\source\repos\proyecto2final\starcraftsolarsystemorigins\starcraftsolarsystemorigins\x64\debug\starcraf.b12702ad.tlog\link.write.1.tlog
