  Moc'ing starcraftsolarsystemorigins.h...
  El sistema no puede encontrar la ruta especificada.
  Uic'ing starcraftsolarsystemorigins.ui...
  El sistema no puede encontrar la ruta especificada.
  Moc'ing sistemasolar.hpp...
  El sistema no puede encontrar la ruta especificada.
  Moc'ing recursoplaneta.hpp...
  El sistema no puede encontrar la ruta especificada.
  Moc'ing invasion.hpp...
  El sistema no puede encontrar la ruta especificada.
  Rcc'ing starcraftsolarsystemorigins.qrc...
  El sistema no puede encontrar la ruta especificada.
  Uic'ing invasion.ui...
  El sistema no puede encontrar la ruta especificada.
  Uic'ing recursoplaneta.ui...
  El sistema no puede encontrar la ruta especificada.
  Uic'ing sistemasolar.ui...
  El sistema no puede encontrar la ruta especificada.
  Rcc'ing Resources\juego.qrc...
  El sistema no puede encontrar la ruta especificada.
C:\Program Files (x86)\MSBuild\Microsoft.Cpp\v4.0\V140\Microsoft.CppCommon.targets(171,5): error MSB6006: "cmd.exe" exited with code 3.
